<?xml version="1.0" encoding="UTF-8"?>
<!-- Generated by org.testng.reporters.JUnitXMLReporter -->
<testsuite ignored="0" hostname="22I5DELL354" failures="5" tests="16" name="Surefire test" time="0.34" errors="0" timestamp="2022-04-15T01:46:17 ICT">
  <testcase classname="com.automation.conditionsCollectionsJunit" name="testRetrieveDataFromDataSet on testRetrieveDataFromDataSet(com.automation.conditionsCollectionsJunit)" time="0.095">
    <failure type="java.util.UnknownFormatConversionException" message="Conversion = &amp;apos;i&amp;apos;">
      <![CDATA[java.util.UnknownFormatConversionException: Conversion = 'i'
at java.base/java.util.Formatter$FormatSpecifier.conversion(Formatter.java:2855)
at java.base/java.util.Formatter$FormatSpecifier.<init>(Formatter.java:2891)
at java.base/java.util.Formatter.parse(Formatter.java:2747)
at java.base/java.util.Formatter.format(Formatter.java:2671)
at java.base/java.util.Formatter.format(Formatter.java:2625)
at java.base/java.lang.String.format(String.java:4140)
at com.automation.conditionsCollectionsJunit.testRetrieveDataFromDataSet(conditionsCollectionsJunit.java:47)
at org.junit.runners.model.FrameworkMethod$1.runReflectiveCall(FrameworkMethod.java:59)
at org.junit.internal.runners.model.ReflectiveCallable.run(ReflectiveCallable.java:12)
at org.junit.runners.model.FrameworkMethod.invokeExplosively(FrameworkMethod.java:56)
at org.junit.internal.runners.statements.InvokeMethod.evaluate(InvokeMethod.java:17)
at org.junit.internal.runners.statements.RunBefores.evaluate(RunBefores.java:26)
at org.junit.runners.ParentRunner$3.evaluate(ParentRunner.java:306)
at org.junit.runners.BlockJUnit4ClassRunner$1.evaluate(BlockJUnit4ClassRunner.java:100)
at org.junit.runners.ParentRunner.runLeaf(ParentRunner.java:366)
at org.junit.runners.BlockJUnit4ClassRunner.runChild(BlockJUnit4ClassRunner.java:103)
at org.junit.runners.BlockJUnit4ClassRunner.runChild(BlockJUnit4ClassRunner.java:63)
at org.junit.runners.ParentRunner$4.run(ParentRunner.java:331)
at org.junit.runners.ParentRunner$1.schedule(ParentRunner.java:79)
at org.junit.runners.ParentRunner.runChildren(ParentRunner.java:329)
at org.junit.runners.ParentRunner.access$100(ParentRunner.java:66)
at org.junit.runners.ParentRunner$2.evaluate(ParentRunner.java:293)
at org.junit.internal.runners.statements.RunAfters.evaluate(RunAfters.java:27)
at org.junit.runners.ParentRunner$3.evaluate(ParentRunner.java:306)
at org.junit.runners.ParentRunner.run(ParentRunner.java:413)
at org.junit.runner.JUnitCore.run(JUnitCore.java:137)
at org.junit.runner.JUnitCore.run(JUnitCore.java:115)
at java.base/java.util.ArrayList.forEach(ArrayList.java:1511)
... Removed 28 stack frames]]>
    </failure>
  </testcase> <!-- testRetrieveDataFromDataSet on testRetrieveDataFromDataSet(com.automation.conditionsCollectionsJunit) -->
  <testcase classname="com.automation.conditionsCollectionsJunit" name="checkMap on checkMap(com.automation.conditionsCollectionsJunit)" time="0.106"/>
  <testcase classname="com.automation.conditionsJunit" name="checkIfNumberIsNotPrime_01 on checkIfNumberIsNotPrime_01(com.automation.conditionsJunit)" time="0.006"/>
  <testcase classname="com.automation.conditionsJunit" name="checkIfNumberIsNotPrime_02 on checkIfNumberIsNotPrime_02(com.automation.conditionsJunit)" time="0.006">
    <failure type="java.lang.AssertionError" message="This is not a prime">
      <![CDATA[java.lang.AssertionError: This is not a prime
at org.junit.Assert.fail(Assert.java:89)
at org.junit.Assert.assertTrue(Assert.java:42)
at org.junit.Assert.assertFalse(Assert.java:65)
at com.automation.conditionsJunit.checkIfNumberIsNotPrime_02(conditionsJunit.java:68)
at org.junit.runners.model.FrameworkMethod$1.runReflectiveCall(FrameworkMethod.java:59)
at org.junit.internal.runners.model.ReflectiveCallable.run(ReflectiveCallable.java:12)
at org.junit.runners.model.FrameworkMethod.invokeExplosively(FrameworkMethod.java:56)
at org.junit.internal.runners.statements.InvokeMethod.evaluate(InvokeMethod.java:17)
at org.junit.internal.runners.statements.RunBefores.evaluate(RunBefores.java:26)
at org.junit.runners.ParentRunner$3.evaluate(ParentRunner.java:306)
at org.junit.runners.BlockJUnit4ClassRunner$1.evaluate(BlockJUnit4ClassRunner.java:100)
at org.junit.runners.ParentRunner.runLeaf(ParentRunner.java:366)
at org.junit.runners.BlockJUnit4ClassRunner.runChild(BlockJUnit4ClassRunner.java:103)
at org.junit.runners.BlockJUnit4ClassRunner.runChild(BlockJUnit4ClassRunner.java:63)
at org.junit.runners.ParentRunner$4.run(ParentRunner.java:331)
at org.junit.runners.ParentRunner$1.schedule(ParentRunner.java:79)
at org.junit.runners.ParentRunner.runChildren(ParentRunner.java:329)
at org.junit.runners.ParentRunner.access$100(ParentRunner.java:66)
at org.junit.runners.ParentRunner$2.evaluate(ParentRunner.java:293)
at org.junit.internal.runners.statements.RunAfters.evaluate(RunAfters.java:27)
at org.junit.runners.ParentRunner$3.evaluate(ParentRunner.java:306)
at org.junit.runners.ParentRunner.run(ParentRunner.java:413)
at org.junit.runner.JUnitCore.run(JUnitCore.java:137)
at org.junit.runner.JUnitCore.run(JUnitCore.java:115)
at java.base/java.util.ArrayList.forEach(ArrayList.java:1511)
... Removed 28 stack frames]]>
    </failure>
  </testcase> <!-- checkIfNumberIsNotPrime_02 on checkIfNumberIsNotPrime_02(com.automation.conditionsJunit) -->
  <testcase classname="com.automation.conditionsJunit" name="checkIfNumberIsPrime_01 on checkIfNumberIsPrime_01(com.automation.conditionsJunit)" time="0.018"/>
  <testcase classname="com.automation.conditionsJunit" name="checkIfNumberIsPrime_02 on checkIfNumberIsPrime_02(com.automation.conditionsJunit)" time="0.019">
    <failure type="java.lang.AssertionError" message="This is not a prime">
      <![CDATA[java.lang.AssertionError: This is not a prime
at org.junit.Assert.fail(Assert.java:89)
at org.junit.Assert.assertTrue(Assert.java:42)
at com.automation.conditionsJunit.checkIfNumberIsPrime_02(conditionsJunit.java:58)
at org.junit.runners.model.FrameworkMethod$1.runReflectiveCall(FrameworkMethod.java:59)
at org.junit.internal.runners.model.ReflectiveCallable.run(ReflectiveCallable.java:12)
at org.junit.runners.model.FrameworkMethod.invokeExplosively(FrameworkMethod.java:56)
at org.junit.internal.runners.statements.InvokeMethod.evaluate(InvokeMethod.java:17)
at org.junit.internal.runners.statements.RunBefores.evaluate(RunBefores.java:26)
at org.junit.runners.ParentRunner$3.evaluate(ParentRunner.java:306)
at org.junit.runners.BlockJUnit4ClassRunner$1.evaluate(BlockJUnit4ClassRunner.java:100)
at org.junit.runners.ParentRunner.runLeaf(ParentRunner.java:366)
at org.junit.runners.BlockJUnit4ClassRunner.runChild(BlockJUnit4ClassRunner.java:103)
at org.junit.runners.BlockJUnit4ClassRunner.runChild(BlockJUnit4ClassRunner.java:63)
at org.junit.runners.ParentRunner$4.run(ParentRunner.java:331)
at org.junit.runners.ParentRunner$1.schedule(ParentRunner.java:79)
at org.junit.runners.ParentRunner.runChildren(ParentRunner.java:329)
at org.junit.runners.ParentRunner.access$100(ParentRunner.java:66)
at org.junit.runners.ParentRunner$2.evaluate(ParentRunner.java:293)
at org.junit.internal.runners.statements.RunAfters.evaluate(RunAfters.java:27)
at org.junit.runners.ParentRunner$3.evaluate(ParentRunner.java:306)
at org.junit.runners.ParentRunner.run(ParentRunner.java:413)
at org.junit.runner.JUnitCore.run(JUnitCore.java:137)
at org.junit.runner.JUnitCore.run(JUnitCore.java:115)
at java.base/java.util.ArrayList.forEach(ArrayList.java:1511)
... Removed 28 stack frames]]>
    </failure>
  </testcase> <!-- checkIfNumberIsPrime_02 on checkIfNumberIsPrime_02(com.automation.conditionsJunit) -->
  <testcase classname="com.automation.conditionsJunit" name="conCatStrings on conCatStrings(com.automation.conditionsJunit)" time="0.033"/>
  <testcase classname="com.automation.conditionsJunit" name="checkNumberClass_01 on checkNumberClass_01(com.automation.conditionsJunit)" time="0.036"/>
  <testcase classname="com.automation.conditionsJunit" name="testIsSubString_01 on testIsSubString_01(com.automation.conditionsJunit)" time="0.036"/>
  <testcase classname="com.automation.conditionsJunit" name="testMychar on testMychar(com.automation.conditionsJunit)" time="0.037"/>
  <testcase classname="com.automation.dataTypeJunit" name="practicing_test_01 on practicing_test_01(com.automation.dataTypeJunit)" time="0.002">
    <failure type="java.lang.AssertionError">
      <![CDATA[java.lang.AssertionError
at org.junit.Assert.fail(Assert.java:87)
at org.junit.Assert.assertTrue(Assert.java:42)
at org.junit.Assert.assertTrue(Assert.java:53)
at com.automation.dataTypeJunit.practicing_test_01(dataTypeJunit.java:22)
at org.junit.runners.model.FrameworkMethod$1.runReflectiveCall(FrameworkMethod.java:59)
at org.junit.internal.runners.model.ReflectiveCallable.run(ReflectiveCallable.java:12)
at org.junit.runners.model.FrameworkMethod.invokeExplosively(FrameworkMethod.java:56)
at org.junit.internal.runners.statements.InvokeMethod.evaluate(InvokeMethod.java:17)
at org.junit.internal.runners.statements.RunBefores.evaluate(RunBefores.java:26)
at org.junit.runners.ParentRunner$3.evaluate(ParentRunner.java:306)
at org.junit.runners.BlockJUnit4ClassRunner$1.evaluate(BlockJUnit4ClassRunner.java:100)
at org.junit.runners.ParentRunner.runLeaf(ParentRunner.java:366)
at org.junit.runners.BlockJUnit4ClassRunner.runChild(BlockJUnit4ClassRunner.java:103)
at org.junit.runners.BlockJUnit4ClassRunner.runChild(BlockJUnit4ClassRunner.java:63)
at org.junit.runners.ParentRunner$4.run(ParentRunner.java:331)
at org.junit.runners.ParentRunner$1.schedule(ParentRunner.java:79)
at org.junit.runners.ParentRunner.runChildren(ParentRunner.java:329)
at org.junit.runners.ParentRunner.access$100(ParentRunner.java:66)
at org.junit.runners.ParentRunner$2.evaluate(ParentRunner.java:293)
at org.junit.internal.runners.statements.RunAfters.evaluate(RunAfters.java:27)
at org.junit.runners.ParentRunner$3.evaluate(ParentRunner.java:306)
at org.junit.runners.ParentRunner.run(ParentRunner.java:413)
at org.junit.runner.JUnitCore.run(JUnitCore.java:137)
at org.junit.runner.JUnitCore.run(JUnitCore.java:115)
at java.base/java.util.ArrayList.forEach(ArrayList.java:1511)
... Removed 28 stack frames]]>
    </failure>
  </testcase> <!-- practicing_test_01 on practicing_test_01(com.automation.dataTypeJunit) -->
  <testcase classname="com.automation.dataTypeJunit" name="practicing_test_02 on practicing_test_02(com.automation.dataTypeJunit)" time="0.006"/>
  <testcase classname="com.automation.loopsJunit" name="checkIfNumberIsNotPrime_01 on checkIfNumberIsNotPrime_01(com.automation.loopsJunit)" time="0.003"/>
  <testcase classname="com.automation.loopsJunit" name="checkIfNumberIsNotPrime_02 on checkIfNumberIsNotPrime_02(com.automation.loopsJunit)" time="0.005">
    <failure type="java.lang.AssertionError" message="This is a prime">
      <![CDATA[java.lang.AssertionError: This is a prime
at org.junit.Assert.fail(Assert.java:89)
at org.junit.Assert.assertTrue(Assert.java:42)
at org.junit.Assert.assertFalse(Assert.java:65)
at com.automation.loopsJunit.checkIfNumberIsNotPrime_02(loopsJunit.java:42)
at org.junit.runners.model.FrameworkMethod$1.runReflectiveCall(FrameworkMethod.java:59)
at org.junit.internal.runners.model.ReflectiveCallable.run(ReflectiveCallable.java:12)
at org.junit.runners.model.FrameworkMethod.invokeExplosively(FrameworkMethod.java:56)
at org.junit.internal.runners.statements.InvokeMethod.evaluate(InvokeMethod.java:17)
at org.junit.internal.runners.statements.RunBefores.evaluate(RunBefores.java:26)
at org.junit.runners.ParentRunner$3.evaluate(ParentRunner.java:306)
at org.junit.runners.BlockJUnit4ClassRunner$1.evaluate(BlockJUnit4ClassRunner.java:100)
at org.junit.runners.ParentRunner.runLeaf(ParentRunner.java:366)
at org.junit.runners.BlockJUnit4ClassRunner.runChild(BlockJUnit4ClassRunner.java:103)
at org.junit.runners.BlockJUnit4ClassRunner.runChild(BlockJUnit4ClassRunner.java:63)
at org.junit.runners.ParentRunner$4.run(ParentRunner.java:331)
at org.junit.runners.ParentRunner$1.schedule(ParentRunner.java:79)
at org.junit.runners.ParentRunner.runChildren(ParentRunner.java:329)
at org.junit.runners.ParentRunner.access$100(ParentRunner.java:66)
at org.junit.runners.ParentRunner$2.evaluate(ParentRunner.java:293)
at org.junit.internal.runners.statements.RunAfters.evaluate(RunAfters.java:27)
at org.junit.runners.ParentRunner$3.evaluate(ParentRunner.java:306)
at org.junit.runners.ParentRunner.run(ParentRunner.java:413)
at org.junit.runner.JUnitCore.run(JUnitCore.java:137)
at org.junit.runner.JUnitCore.run(JUnitCore.java:115)
at java.base/java.util.ArrayList.forEach(ArrayList.java:1511)
... Removed 28 stack frames]]>
    </failure>
  </testcase> <!-- checkIfNumberIsNotPrime_02 on checkIfNumberIsNotPrime_02(com.automation.loopsJunit) -->
  <testcase classname="com.automation.loopsJunit" name="checkIfNumberIsPrime_01 on checkIfNumberIsPrime_01(com.automation.loopsJunit)" time="0.006"/>
  <testcase classname="com.automation.loopsJunit" name="checkIfCastInterfaceWork on checkIfCastInterfaceWork(com.automation.loopsJunit)" time="0.007"/>
</testsuite> <!-- Surefire test -->
