<?xml version="1.0" encoding="UTF-8"?>
<testsuite xmlns:xsi="http://www.w3.org/2001/XMLSchema-instance" xsi:noNamespaceSchemaLocation="https://maven.apache.org/surefire/maven-surefire-plugin/xsd/surefire-test-report.xsd" name="TestSuite" time="1.495" tests="1" errors="0" skipped="0" failures="1">
  <properties>
[...]
</properties>
  <testcase name="add" classname="com.automation.TestNgApproach" time="0.037">
    <failure message="expected [8] but found [2]" type="java.lang.AssertionError">java.lang.AssertionError: expected [8] but found [2]
	at com.automation.TestNgApproach.add(TestNgApproach.java:13)
</failure>
    <system-out><![CDATA[Sum of two numbers : 2
]]></system-out>
  </testcase>
</testsuite>